<?xml version="1.0" encoding="UTF-8"?>
<testng-results ignored="0" total="2" passed="2" failed="0" skipped="0">
  <reporter-output>
  </reporter-output>
  <suite started-at="2026-03-20T18:45:17 IST" name="Suite" finished-at="2026-03-20T18:45:54 IST" duration-ms="37823">
    <groups>
    </groups>
    <test started-at="2026-03-20T18:45:17 IST" name="Test" finished-at="2026-03-20T18:45:54 IST" duration-ms="37823">
      <class name="testCases.TC002_ProductPageTest">
        <test-method is-config="true" signature="setup(java.lang.String,java.lang.String)[pri:0, instance:testCases.TC002_ProductPageTest@59fd97a8]" started-at="2026-03-20T18:45:17 IST" name="setup" finished-at="2026-03-20T18:45:26 IST" duration-ms="8997" status="PASS">
          <params>
            <param index="0">
              <value>
                <![CDATA[chrome]]>
              </value>
            </param>
            <param index="1">
              <value>
                <![CDATA[windows]]>
              </value>
            </param>
          </params>
          <reporter-output>
          </reporter-output>
        </test-method> <!-- setup -->
        <test-method signature="capture_prices_of_first_five_products()[pri:0, instance:testCases.TC002_ProductPageTest@59fd97a8]" started-at="2026-03-20T18:45:26 IST" name="capture_prices_of_first_five_products" finished-at="2026-03-20T18:45:50 IST" duration-ms="23536" status="PASS">
          <reporter-output>
          </reporter-output>
        </test-method> <!-- capture_prices_of_first_five_products -->
        <test-method signature="sort_price_low_to_high()[pri:0, instance:testCases.TC002_ProductPageTest@59fd97a8]" started-at="2026-03-20T18:45:50 IST" name="sort_price_low_to_high" finished-at="2026-03-20T18:45:53 IST" duration-ms="3571" status="PASS">
          <reporter-output>
          </reporter-output>
        </test-method> <!-- sort_price_low_to_high -->
        <test-method is-config="true" signature="tearDown()[pri:0, instance:testCases.TC002_ProductPageTest@59fd97a8]" started-at="2026-03-20T18:45:53 IST" name="tearDown" finished-at="2026-03-20T18:45:54 IST" duration-ms="1016" status="PASS">
          <reporter-output>
          </reporter-output>
        </test-method> <!-- tearDown -->
      </class> <!-- testCases.TC002_ProductPageTest -->
    </test> <!-- Test -->
  </suite> <!-- Suite -->
</testng-results>
