<?xml version="1.0" encoding="UTF-8"?>
<testng-results ignored="0" total="1" passed="1" failed="0" skipped="0">
  <reporter-output>
  </reporter-output>
  <suite started-at="2026-03-20T17:07:34 IST" name="Suite" finished-at="2026-03-20T17:07:49 IST" duration-ms="15232">
    <groups>
    </groups>
    <test started-at="2026-03-20T17:07:34 IST" name="Test" finished-at="2026-03-20T17:07:49 IST" duration-ms="15232">
      <class name="testCases.TC001_HomePage">
        <test-method is-config="true" signature="setup(java.lang.String,java.lang.String)[pri:0, instance:testCases.TC001_HomePage@795cd85e]" started-at="2026-03-20T17:07:34 IST" name="setup" finished-at="2026-03-20T17:07:44 IST" duration-ms="9218" status="PASS">
          <params>
            <param index="0">
              <value>
                <![CDATA[chrome]]>
              </value>
            </param>
            <param index="1">
              <value>
                <![CDATA[windows]]>
              </value>
            </param>
          </params>
          <reporter-output>
          </reporter-output>
        </test-method> <!-- setup -->
        <test-method signature="navigate_to_product()[pri:0, instance:testCases.TC001_HomePage@795cd85e]" started-at="2026-03-20T17:07:44 IST" name="navigate_to_product" finished-at="2026-03-20T17:07:48 IST" duration-ms="4177" status="PASS">
          <reporter-output>
          </reporter-output>
        </test-method> <!-- navigate_to_product -->
        <test-method is-config="true" signature="tearDown()[pri:0, instance:testCases.TC001_HomePage@795cd85e]" started-at="2026-03-20T17:07:48 IST" name="tearDown" finished-at="2026-03-20T17:07:49 IST" duration-ms="1157" status="PASS">
          <reporter-output>
          </reporter-output>
        </test-method> <!-- tearDown -->
      </class> <!-- testCases.TC001_HomePage -->
    </test> <!-- Test -->
  </suite> <!-- Suite -->
</testng-results>
