<?xml version="1.0" encoding="UTF-8"?>
<!-- Generated by org.testng.reporters.JUnitReportReporter -->
<testsuite hostname="TaNu-72" failures="0" tests="2" name="testCases.TC002_ProductPageTest" time="27.107" errors="0" timestamp="2026-03-20T18:45:56 IST" skipped="0">
  <testcase classname="testCases.TC002_ProductPageTest" name="sort_price_low_to_high" time="3.571"/>
  <testcase classname="testCases.TC002_ProductPageTest" name="capture_prices_of_first_five_products" time="23.536"/>
</testsuite> <!-- testCases.TC002_ProductPageTest -->
